[2024-10-30 9:19:20]	[ALERT]	404 - erreur dans le processus de traitement du routage
    routeInfo: array(
        0 => 1,
        1 => 'post@create',
        2 => array(),
    )
    exception-line: 32
    exception-file: '/Users/mariusyvart/Documents/BUT MMI Angouleme/S5/LOUET F/tp5_RESTFULL/starter-mvc/src/Controller/PostController.php'
    exception-code: 'Undefined array key 1'
[2024-10-30 9:34:03]	[ALERT]	404 - erreur dans le processus de traitement du routage
    routeInfo: array(
        0 => 1,
        1 => 'post@update',
        2 => array(
            'id' => '215',
        ),
    )
    exception-line: 54
    exception-file: '/Users/mariusyvart/Documents/BUT MMI Angouleme/S5/LOUET F/tp5_RESTFULL/starter-mvc/src/Controller/PostController.php'
    exception-code: 'Undefined array key "title"'
[2024-10-30 9:34:06]	[ALERT]	404 - erreur dans le processus de traitement du routage
    routeInfo: array(
        0 => 1,
        1 => 'post@update',
        2 => array(
            'id' => '212',
        ),
    )
    exception-line: 54
    exception-file: '/Users/mariusyvart/Documents/BUT MMI Angouleme/S5/LOUET F/tp5_RESTFULL/starter-mvc/src/Controller/PostController.php'
    exception-code: 'Undefined array key "title"'
[2024-10-30 9:34:50]	[ALERT]	404 - erreur dans le processus de traitement du routage
    routeInfo: array(
        0 => 1,
        1 => 'post@update',
        2 => array(
            'id' => '215',
        ),
    )
    exception-line: 54
    exception-file: '/Users/mariusyvart/Documents/BUT MMI Angouleme/S5/LOUET F/tp5_RESTFULL/starter-mvc/src/Controller/PostController.php'
    exception-code: 'Undefined array key "title"'
[2024-10-30 9:35:00]	[ALERT]	404 - erreur dans le processus de traitement du routage
    routeInfo: array(
        0 => 1,
        1 => 'post@update',
        2 => array(
            'id' => '215',
        ),
    )
    exception-line: 54
    exception-file: '/Users/mariusyvart/Documents/BUT MMI Angouleme/S5/LOUET F/tp5_RESTFULL/starter-mvc/src/Controller/PostController.php'
    exception-code: 'Undefined array key "title"'
[2024-10-30 9:35:24]	[ALERT]	404 - erreur dans le processus de traitement du routage
    routeInfo: array(
        0 => 1,
        1 => 'post@update',
        2 => array(
            'id' => '215',
        ),
    )
    exception-line: 54
    exception-file: '/Users/mariusyvart/Documents/BUT MMI Angouleme/S5/LOUET F/tp5_RESTFULL/starter-mvc/src/Controller/PostController.php'
    exception-code: 'Undefined array key "title"'
[2024-10-30 9:36:24]	[ALERT]	404 - erreur dans le processus de traitement du routage
    routeInfo: array(
        0 => 1,
        1 => 'post@update',
        2 => array(
            'id' => '215',
        ),
    )
    exception-line: 53
    exception-file: '/Users/mariusyvart/Documents/BUT MMI Angouleme/S5/LOUET F/tp5_RESTFULL/starter-mvc/src/Controller/PostController.php'
    exception-code: 'Undefined array key "title"'
[2024-10-30 9:38:44]	[ALERT]	404 - erreur dans le processus de traitement du routage
    routeInfo: array(
        0 => 1,
        1 => 'post@update',
        2 => array(
            'id' => '215',
        ),
    )
    exception-line: 40
    exception-file: '/Users/mariusyvart/Documents/BUT MMI Angouleme/S5/LOUET F/tp5_RESTFULL/starter-mvc/src/Controller/PostController.php'
    exception-code: 'Undefined array key "title"'
[2024-10-30 9:41:08]	[ALERT]	404 - erreur dans le processus de traitement du routage
    routeInfo: array(
        0 => 1,
        1 => 'post@update',
        2 => array(
            'id' => '215',
        ),
    )
    exception-line: 40
    exception-file: '/Users/mariusyvart/Documents/BUT MMI Angouleme/S5/LOUET F/tp5_RESTFULL/starter-mvc/src/Controller/PostController.php'
    exception-code: 'Undefined array key "title"'
[2024-10-30 10:24:12]	[ALERT]	404 - erreur dans le processus de traitement du routage
    routeInfo: array(
        0 => 1,
        1 => 'post@update',
        2 => array(
            'id' => '215',
        ),
    )
    exception-line: 48
    exception-file: '/Users/mariusyvart/Documents/BUT MMI Angouleme/S5/LOUET F/tp5_RESTFULL/starter-mvc/src/Controller/PostController.php'
    exception-code: 'Trying to access array offset on null'
[2024-10-30 10:25:05]	[ALERT]	404 - erreur dans le processus de traitement du routage
    routeInfo: array(
        0 => 1,
        1 => 'post@update',
        2 => array(
            'id' => '215',
        ),
    )
    exception-line: 48
    exception-file: '/Users/mariusyvart/Documents/BUT MMI Angouleme/S5/LOUET F/tp5_RESTFULL/starter-mvc/src/Controller/PostController.php'
    exception-code: 'Trying to access array offset on null'
[2024-10-30 11:04:20]	[ALERT]	404 - erreur dans le processus de traitement du routage
    routeInfo: array(
        0 => 1,
        1 => 'post@index',
        2 => array(),
    )
    exception-line: 20
    exception-file: '/Users/mariusyvart/Documents/BUT MMI Angouleme/S5/LOUET F/tp5_RESTFULL/starter-mvc/src/Controller/PostController.php'
    exception-code: 'Undefined property: App\Controller\PostController::$options'
[2024-10-30 11:04:20]	[ALERT]	404 - erreur dans le processus de traitement du routage
    routeInfo: array(
        0 => 1,
        1 => 'post@index',
        2 => array(),
    )
    exception-line: 20
    exception-file: '/Users/mariusyvart/Documents/BUT MMI Angouleme/S5/LOUET F/tp5_RESTFULL/starter-mvc/src/Controller/PostController.php'
    exception-code: 'Undefined property: App\Controller\PostController::$options'
[2024-10-30 11:04:22]	[ALERT]	404 - erreur dans le processus de traitement du routage
    routeInfo: array(
        0 => 1,
        1 => 'post@index',
        2 => array(),
    )
    exception-line: 20
    exception-file: '/Users/mariusyvart/Documents/BUT MMI Angouleme/S5/LOUET F/tp5_RESTFULL/starter-mvc/src/Controller/PostController.php'
    exception-code: 'Undefined property: App\Controller\PostController::$options'
[2024-10-30 11:04:22]	[ALERT]	404 - erreur dans le processus de traitement du routage
    routeInfo: array(
        0 => 1,
        1 => 'post@index',
        2 => array(),
    )
    exception-line: 20
    exception-file: '/Users/mariusyvart/Documents/BUT MMI Angouleme/S5/LOUET F/tp5_RESTFULL/starter-mvc/src/Controller/PostController.php'
    exception-code: 'Undefined property: App\Controller\PostController::$options'
[2024-10-30 11:04:24]	[ALERT]	404 - erreur dans le processus de traitement du routage
    routeInfo: array(
        0 => 1,
        1 => 'post@index',
        2 => array(),
    )
    exception-line: 20
    exception-file: '/Users/mariusyvart/Documents/BUT MMI Angouleme/S5/LOUET F/tp5_RESTFULL/starter-mvc/src/Controller/PostController.php'
    exception-code: 'Undefined property: App\Controller\PostController::$options'
[2024-10-30 11:04:24]	[ALERT]	404 - erreur dans le processus de traitement du routage
    routeInfo: array(
        0 => 1,
        1 => 'post@index',
        2 => array(),
    )
    exception-line: 20
    exception-file: '/Users/mariusyvart/Documents/BUT MMI Angouleme/S5/LOUET F/tp5_RESTFULL/starter-mvc/src/Controller/PostController.php'
    exception-code: 'Undefined property: App\Controller\PostController::$options'
[2024-10-30 11:04:25]	[ALERT]	404 - erreur dans le processus de traitement du routage
    routeInfo: array(
        0 => 1,
        1 => 'post@index',
        2 => array(),
    )
    exception-line: 20
    exception-file: '/Users/mariusyvart/Documents/BUT MMI Angouleme/S5/LOUET F/tp5_RESTFULL/starter-mvc/src/Controller/PostController.php'
    exception-code: 'Undefined property: App\Controller\PostController::$options'
[2024-10-30 11:04:26]	[ALERT]	404 - erreur dans le processus de traitement du routage
    routeInfo: array(
        0 => 1,
        1 => 'post@index',
        2 => array(),
    )
    exception-line: 20
    exception-file: '/Users/mariusyvart/Documents/BUT MMI Angouleme/S5/LOUET F/tp5_RESTFULL/starter-mvc/src/Controller/PostController.php'
    exception-code: 'Undefined property: App\Controller\PostController::$options'
[2024-10-30 11:04:27]	[ALERT]	404 - erreur dans le processus de traitement du routage
    routeInfo: array(
        0 => 1,
        1 => 'post@index',
        2 => array(),
    )
    exception-line: 20
    exception-file: '/Users/mariusyvart/Documents/BUT MMI Angouleme/S5/LOUET F/tp5_RESTFULL/starter-mvc/src/Controller/PostController.php'
    exception-code: 'Undefined property: App\Controller\PostController::$options'
[2024-10-30 11:04:28]	[ALERT]	404 - erreur dans le processus de traitement du routage
    routeInfo: array(
        0 => 1,
        1 => 'post@index',
        2 => array(),
    )
    exception-line: 20
    exception-file: '/Users/mariusyvart/Documents/BUT MMI Angouleme/S5/LOUET F/tp5_RESTFULL/starter-mvc/src/Controller/PostController.php'
    exception-code: 'Undefined property: App\Controller\PostController::$options'
[2024-10-30 11:04:29]	[ALERT]	404 - erreur dans le processus de traitement du routage
    routeInfo: array(
        0 => 1,
        1 => 'post@index',
        2 => array(),
    )
    exception-line: 20
    exception-file: '/Users/mariusyvart/Documents/BUT MMI Angouleme/S5/LOUET F/tp5_RESTFULL/starter-mvc/src/Controller/PostController.php'
    exception-code: 'Undefined property: App\Controller\PostController::$options'
[2024-10-30 11:04:29]	[ALERT]	404 - erreur dans le processus de traitement du routage
    routeInfo: array(
        0 => 1,
        1 => 'post@index',
        2 => array(),
    )
    exception-line: 20
    exception-file: '/Users/mariusyvart/Documents/BUT MMI Angouleme/S5/LOUET F/tp5_RESTFULL/starter-mvc/src/Controller/PostController.php'
    exception-code: 'Undefined property: App\Controller\PostController::$options'
[2024-10-30 11:04:30]	[ALERT]	404 - erreur dans le processus de traitement du routage
    routeInfo: array(
        0 => 1,
        1 => 'post@index',
        2 => array(),
    )
    exception-line: 20
    exception-file: '/Users/mariusyvart/Documents/BUT MMI Angouleme/S5/LOUET F/tp5_RESTFULL/starter-mvc/src/Controller/PostController.php'
    exception-code: 'Undefined property: App\Controller\PostController::$options'
[2024-10-30 11:04:37]	[ALERT]	404 - erreur dans le processus de traitement du routage
    routeInfo: array(
        0 => 1,
        1 => 'post@index',
        2 => array(),
    )
    exception-line: 26
    exception-file: '/Users/mariusyvart/Documents/BUT MMI Angouleme/S5/LOUET F/tp5_RESTFULL/starter-mvc/src/Controller/PostController.php'
    exception-code: 'Undefined property: App\Controller\PostController::$options'
[2024-10-30 11:04:37]	[ALERT]	404 - erreur dans le processus de traitement du routage
    routeInfo: array(
        0 => 1,
        1 => 'post@index',
        2 => array(),
    )
    exception-line: 26
    exception-file: '/Users/mariusyvart/Documents/BUT MMI Angouleme/S5/LOUET F/tp5_RESTFULL/starter-mvc/src/Controller/PostController.php'
    exception-code: 'Undefined property: App\Controller\PostController::$options'
[2024-10-30 11:04:39]	[ALERT]	404 - erreur dans le processus de traitement du routage
    routeInfo: array(
        0 => 1,
        1 => 'post@index',
        2 => array(),
    )
    exception-line: 26
    exception-file: '/Users/mariusyvart/Documents/BUT MMI Angouleme/S5/LOUET F/tp5_RESTFULL/starter-mvc/src/Controller/PostController.php'
    exception-code: 'Undefined property: App\Controller\PostController::$options'
[2024-10-30 11:04:39]	[ALERT]	404 - erreur dans le processus de traitement du routage
    routeInfo: array(
        0 => 1,
        1 => 'post@index',
        2 => array(),
    )
    exception-line: 26
    exception-file: '/Users/mariusyvart/Documents/BUT MMI Angouleme/S5/LOUET F/tp5_RESTFULL/starter-mvc/src/Controller/PostController.php'
    exception-code: 'Undefined property: App\Controller\PostController::$options'
[2024-10-30 11:04:40]	[ALERT]	404 - erreur dans le processus de traitement du routage
    routeInfo: array(
        0 => 1,
        1 => 'post@index',
        2 => array(),
    )
    exception-line: 26
    exception-file: '/Users/mariusyvart/Documents/BUT MMI Angouleme/S5/LOUET F/tp5_RESTFULL/starter-mvc/src/Controller/PostController.php'
    exception-code: 'Undefined property: App\Controller\PostController::$options'
[2024-10-30 11:04:41]	[ALERT]	404 - erreur dans le processus de traitement du routage
    routeInfo: array(
        0 => 1,
        1 => 'post@index',
        2 => array(),
    )
    exception-line: 26
    exception-file: '/Users/mariusyvart/Documents/BUT MMI Angouleme/S5/LOUET F/tp5_RESTFULL/starter-mvc/src/Controller/PostController.php'
    exception-code: 'Undefined property: App\Controller\PostController::$options'
[2024-10-30 11:04:41]	[ALERT]	404 - erreur dans le processus de traitement du routage
    routeInfo: array(
        0 => 1,
        1 => 'post@index',
        2 => array(),
    )
    exception-line: 26
    exception-file: '/Users/mariusyvart/Documents/BUT MMI Angouleme/S5/LOUET F/tp5_RESTFULL/starter-mvc/src/Controller/PostController.php'
    exception-code: 'Undefined property: App\Controller\PostController::$options'
[2024-10-30 11:04:42]	[ALERT]	404 - erreur dans le processus de traitement du routage
    routeInfo: array(
        0 => 1,
        1 => 'post@index',
        2 => array(),
    )
    exception-line: 26
    exception-file: '/Users/mariusyvart/Documents/BUT MMI Angouleme/S5/LOUET F/tp5_RESTFULL/starter-mvc/src/Controller/PostController.php'
    exception-code: 'Undefined property: App\Controller\PostController::$options'
[2024-10-30 11:04:43]	[ALERT]	404 - erreur dans le processus de traitement du routage
    routeInfo: array(
        0 => 1,
        1 => 'post@index',
        2 => array(),
    )
    exception-line: 26
    exception-file: '/Users/mariusyvart/Documents/BUT MMI Angouleme/S5/LOUET F/tp5_RESTFULL/starter-mvc/src/Controller/PostController.php'
    exception-code: 'Undefined property: App\Controller\PostController::$options'
[2024-10-30 11:04:44]	[ALERT]	404 - erreur dans le processus de traitement du routage
    routeInfo: array(
        0 => 1,
        1 => 'post@index',
        2 => array(),
    )
    exception-line: 26
    exception-file: '/Users/mariusyvart/Documents/BUT MMI Angouleme/S5/LOUET F/tp5_RESTFULL/starter-mvc/src/Controller/PostController.php'
    exception-code: 'Undefined property: App\Controller\PostController::$options'
[2024-10-30 11:04:44]	[ALERT]	404 - erreur dans le processus de traitement du routage
    routeInfo: array(
        0 => 1,
        1 => 'post@index',
        2 => array(),
    )
    exception-line: 26
    exception-file: '/Users/mariusyvart/Documents/BUT MMI Angouleme/S5/LOUET F/tp5_RESTFULL/starter-mvc/src/Controller/PostController.php'
    exception-code: 'Undefined property: App\Controller\PostController::$options'
[2024-10-30 11:04:45]	[ALERT]	404 - erreur dans le processus de traitement du routage
    routeInfo: array(
        0 => 1,
        1 => 'post@index',
        2 => array(),
    )
    exception-line: 26
    exception-file: '/Users/mariusyvart/Documents/BUT MMI Angouleme/S5/LOUET F/tp5_RESTFULL/starter-mvc/src/Controller/PostController.php'
    exception-code: 'Undefined property: App\Controller\PostController::$options'
[2024-10-30 11:04:46]	[ALERT]	404 - erreur dans le processus de traitement du routage
    routeInfo: array(
        0 => 1,
        1 => 'post@index',
        2 => array(),
    )
    exception-line: 26
    exception-file: '/Users/mariusyvart/Documents/BUT MMI Angouleme/S5/LOUET F/tp5_RESTFULL/starter-mvc/src/Controller/PostController.php'
    exception-code: 'Undefined property: App\Controller\PostController::$options'
[2024-10-30 11:04:46]	[ALERT]	404 - erreur dans le processus de traitement du routage
    routeInfo: array(
        0 => 1,
        1 => 'post@index',
        2 => array(),
    )
    exception-line: 26
    exception-file: '/Users/mariusyvart/Documents/BUT MMI Angouleme/S5/LOUET F/tp5_RESTFULL/starter-mvc/src/Controller/PostController.php'
    exception-code: 'Undefined property: App\Controller\PostController::$options'
[2024-10-30 11:04:47]	[ALERT]	404 - erreur dans le processus de traitement du routage
    routeInfo: array(
        0 => 1,
        1 => 'post@index',
        2 => array(),
    )
    exception-line: 26
    exception-file: '/Users/mariusyvart/Documents/BUT MMI Angouleme/S5/LOUET F/tp5_RESTFULL/starter-mvc/src/Controller/PostController.php'
    exception-code: 'Undefined property: App\Controller\PostController::$options'
[2024-10-30 11:04:48]	[ALERT]	404 - erreur dans le processus de traitement du routage
    routeInfo: array(
        0 => 1,
        1 => 'post@index',
        2 => array(),
    )
    exception-line: 26
    exception-file: '/Users/mariusyvart/Documents/BUT MMI Angouleme/S5/LOUET F/tp5_RESTFULL/starter-mvc/src/Controller/PostController.php'
    exception-code: 'Undefined property: App\Controller\PostController::$options'
[2024-10-30 11:04:48]	[ALERT]	404 - erreur dans le processus de traitement du routage
    routeInfo: array(
        0 => 1,
        1 => 'post@index',
        2 => array(),
    )
    exception-line: 26
    exception-file: '/Users/mariusyvart/Documents/BUT MMI Angouleme/S5/LOUET F/tp5_RESTFULL/starter-mvc/src/Controller/PostController.php'
    exception-code: 'Undefined property: App\Controller\PostController::$options'
[2024-10-30 11:04:49]	[ALERT]	404 - erreur dans le processus de traitement du routage
    routeInfo: array(
        0 => 1,
        1 => 'post@index',
        2 => array(),
    )
    exception-line: 26
    exception-file: '/Users/mariusyvart/Documents/BUT MMI Angouleme/S5/LOUET F/tp5_RESTFULL/starter-mvc/src/Controller/PostController.php'
    exception-code: 'Undefined property: App\Controller\PostController::$options'
[2024-10-30 11:04:50]	[ALERT]	404 - erreur dans le processus de traitement du routage
    routeInfo: array(
        0 => 1,
        1 => 'post@index',
        2 => array(),
    )
    exception-line: 26
    exception-file: '/Users/mariusyvart/Documents/BUT MMI Angouleme/S5/LOUET F/tp5_RESTFULL/starter-mvc/src/Controller/PostController.php'
    exception-code: 'Undefined property: App\Controller\PostController::$options'
